# JRE version: OpenJDK Runtime Environment (8.0_212-b04) (build 1.8.0_212-release-1586-b04)
# Java VM: OpenJDK 64-Bit Server VM (25.212-b04 mixed mode windows-amd64 compressed oops)
Heap:
 PSYoungGen      total 194048K, used 90207K [0x00000000e0000000, 0x00000000ee100000, 0x0000000100000000)
  eden space 180736K, 42% used [0x00000000e0000000,0x00000000e4b1f7a8,0x00000000eb080000)
  from space 13312K, 99% used [0x00000000ed400000,0x00000000ee0f8698,0x00000000ee100000)
  to   space 14848K, 0% used [0x00000000ec400000,0x00000000ec400000,0x00000000ed280000)
 ParOldGen       total 129536K, used 18471K [0x00000000a0000000, 0x00000000a7e80000, 0x00000000e0000000)
  object space 129536K, 14% used [0x00000000a0000000,0x00000000a1209c30,0x00000000a7e80000)
 Metaspace       used 50105K, capacity 51668K, committed 52008K, reserved 1093632K
  class space    used 6699K, capacity 7086K, committed 7208K, reserved 1048576K
GC Heap History (10 events):
Event: 7.228 GC heap before
{Heap before GC invocations=6 (full 1):
 PSYoungGen      total 76288K, used 65536K [0x00000000e0000000, 0x00000000e9500000, 0x0000000100000000)
  eden space 65536K, 100% used [0x00000000e0000000,0x00000000e4000000,0x00000000e4000000)
  from space 10752K, 0% used [0x00000000e4a80000,0x00000000e4a80000,0x00000000e5500000)
  to   space 10752K, 0% used [0x00000000e4000000,0x00000000e4000000,0x00000000e4a80000)
 ParOldGen       total 88064K, used 7628K [0x00000000a0000000, 0x00000000a5600000, 0x00000000e0000000)
  object space 88064K, 8% used [0x00000000a0000000,0x00000000a0773170,0x00000000a5600000)
 Metaspace       used 28358K, capacity 28988K, committed 29184K, reserved 1075200K
  class space    used 3872K, capacity 4045K, committed 4096K, reserved 1048576K
Event: 7.235 GC heap after
Heap after GC invocations=6 (full 1):
 PSYoungGen      total 76288K, used 7622K [0x00000000e0000000, 0x00000000e8a00000, 0x0000000100000000)
  eden space 65536K, 0% used [0x00000000e0000000,0x00000000e0000000,0x00000000e4000000)
  from space 10752K, 70% used [0x00000000e4000000,0x00000000e4771878,0x00000000e4a80000)
  to   space 12800K, 0% used [0x00000000e7d80000,0x00000000e7d80000,0x00000000e8a00000)
 ParOldGen       total 88064K, used 7636K [0x00000000a0000000, 0x00000000a5600000, 0x00000000e0000000)
  object space 88064K, 8% used [0x00000000a0000000,0x00000000a0775170,0x00000000a5600000)
 Metaspace       used 28358K, capacity 28988K, committed 29184K, reserved 1075200K
  class space    used 3872K, capacity 4045K, committed 4096K, reserved 1048576K
}
Event: 8.538 GC heap before
{Heap before GC invocations=7 (full 1):
 PSYoungGen      total 76288K, used 73158K [0x00000000e0000000, 0x00000000e8a00000, 0x0000000100000000)
  eden space 65536K, 100% used [0x00000000e0000000,0x00000000e4000000,0x00000000e4000000)
  from space 10752K, 70% used [0x00000000e4000000,0x00000000e4771878,0x00000000e4a80000)
  to   space 12800K, 0% used [0x00000000e7d80000,0x00000000e7d80000,0x00000000e8a00000)
 ParOldGen       total 88064K, used 7636K [0x00000000a0000000, 0x00000000a5600000, 0x00000000e0000000)
  object space 88064K, 8% used [0x00000000a0000000,0x00000000a0775170,0x00000000a5600000)
 Metaspace       used 32209K, capacity 33020K, committed 33280K, reserved 1077248K
  class space    used 4348K, capacity 4588K, committed 4608K, reserved 1048576K
Event: 8.576 GC heap after
Heap after GC invocations=7 (full 1):
 PSYoungGen      total 127488K, used 9135K [0x00000000e0000000, 0x00000000e8980000, 0x0000000100000000)
  eden space 115200K, 0% used [0x00000000e0000000,0x00000000e0000000,0x00000000e7080000)
  from space 12288K, 74% used [0x00000000e7d80000,0x00000000e866bdb0,0x00000000e8980000)
  to   space 12800K, 0% used [0x00000000e7080000,0x00000000e7080000,0x00000000e7d00000)
 ParOldGen       total 88064K, used 7644K [0x00000000a0000000, 0x00000000a5600000, 0x00000000e0000000)
  object space 88064K, 8% used [0x00000000a0000000,0x00000000a0777170,0x00000000a5600000)
 Metaspace       used 32209K, capacity 33020K, committed 33280K, reserved 1077248K
  class space    used 4348K, capacity 4588K, committed 4608K, reserved 1048576K
}
Event: 9.246 GC heap before
{Heap before GC invocations=8 (full 1):
 PSYoungGen      total 127488K, used 65916K [0x00000000e0000000, 0x00000000e8980000, 0x0000000100000000)
  eden space 115200K, 49% used [0x00000000e0000000,0x00000000e3773400,0x00000000e7080000)
  from space 12288K, 74% used [0x00000000e7d80000,0x00000000e866bdb0,0x00000000e8980000)
  to   space 12800K, 0% used [0x00000000e7080000,0x00000000e7080000,0x00000000e7d00000)
 ParOldGen       total 88064K, used 7644K [0x00000000a0000000, 0x00000000a5600000, 0x00000000e0000000)
  object space 88064K, 8% used [0x00000000a0000000,0x00000000a0777170,0x00000000a5600000)
 Metaspace       used 34548K, capacity 35404K, committed 35496K, reserved 1079296K
  class space    used 4749K, capacity 4995K, committed 5032K, reserved 1048576K
Event: 9.275 GC heap after
Heap after GC invocations=8 (full 1):
 PSYoungGen      total 128000K, used 11084K [0x00000000e0000000, 0x00000000ee100000, 0x0000000100000000)
  eden space 115200K, 0% used [0x00000000e0000000,0x00000000e0000000,0x00000000e7080000)
  from space 12800K, 86% used [0x00000000e7080000,0x00000000e7b533d0,0x00000000e7d00000)
  to   space 13312K, 0% used [0x00000000ed400000,0x00000000ed400000,0x00000000ee100000)
 ParOldGen       total 88064K, used 7652K [0x00000000a0000000, 0x00000000a5600000, 0x00000000e0000000)
  object space 88064K, 8% used [0x00000000a0000000,0x00000000a0779170,0x00000000a5600000)
 Metaspace       used 34548K, capacity 35404K, committed 35496K, reserved 1079296K
  class space    used 4749K, capacity 4995K, committed 5032K, reserved 1048576K
}
Event: 9.275 GC heap before
{Heap before GC invocations=9 (full 2):
 PSYoungGen      total 128000K, used 11084K [0x00000000e0000000, 0x00000000ee100000, 0x0000000100000000)
  eden space 115200K, 0% used [0x00000000e0000000,0x00000000e0000000,0x00000000e7080000)
  from space 12800K, 86% used [0x00000000e7080000,0x00000000e7b533d0,0x00000000e7d00000)
  to   space 13312K, 0% used [0x00000000ed400000,0x00000000ed400000,0x00000000ee100000)
 ParOldGen       total 88064K, used 7652K [0x00000000a0000000, 0x00000000a5600000, 0x00000000e0000000)
  object space 88064K, 8% used [0x00000000a0000000,0x00000000a0779170,0x00000000a5600000)
 Metaspace       used 34548K, capacity 35404K, committed 35496K, reserved 1079296K
  class space    used 4749K, capacity 4995K, committed 5032K, reserved 1048576K
Event: 9.381 GC heap after
Heap after GC invocations=9 (full 2):
 PSYoungGen      total 128000K, used 0K [0x00000000e0000000, 0x00000000ee100000, 0x0000000100000000)
  eden space 115200K, 0% used [0x00000000e0000000,0x00000000e0000000,0x00000000e7080000)
  from space 12800K, 0% used [0x00000000e7080000,0x00000000e7080000,0x00000000e7d00000)
  to   space 13312K, 0% used [0x00000000ed400000,0x00000000ed400000,0x00000000ee100000)
 ParOldGen       total 129536K, used 18124K [0x00000000a0000000, 0x00000000a7e80000, 0x00000000e0000000)
  object space 129536K, 13% used [0x00000000a0000000,0x00000000a11b3028,0x00000000a7e80000)
 Metaspace       used 34548K, capacity 35404K, committed 35496K, reserved 1079296K
  class space    used 4749K, capacity 4995K, committed 5032K, reserved 1048576K
}
Event: 12.391 GC heap before
{Heap before GC invocations=10 (full 2):
 PSYoungGen      total 128000K, used 115200K [0x00000000e0000000, 0x00000000ee100000, 0x0000000100000000)
  eden space 115200K, 100% used [0x00000000e0000000,0x00000000e7080000,0x00000000e7080000)
  from space 12800K, 0% used [0x00000000e7080000,0x00000000e7080000,0x00000000e7d00000)
  to   space 13312K, 0% used [0x00000000ed400000,0x00000000ed400000,0x00000000ee100000)
 ParOldGen       total 129536K, used 18124K [0x00000000a0000000, 0x00000000a7e80000, 0x00000000e0000000)
  object space 129536K, 13% used [0x00000000a0000000,0x00000000a11b3028,0x00000000a7e80000)
 Metaspace       used 44468K, capacity 45864K, committed 46120K, reserved 1089536K
  class space    used 6011K, capacity 6317K, committed 6440K, reserved 1048576K
Event: 12.427 GC heap after
Heap after GC invocations=10 (full 2):
 PSYoungGen      total 194048K, used 13281K [0x00000000e0000000, 0x00000000ee100000, 0x0000000100000000)
  eden space 180736K, 0% used [0x00000000e0000000,0x00000000e0000000,0x00000000eb080000)
  from space 13312K, 99% used [0x00000000ed400000,0x00000000ee0f8698,0x00000000ee100000)
  to   space 14848K, 0% used [0x00000000ec400000,0x00000000ec400000,0x00000000ed280000)
 ParOldGen       total 129536K, used 18471K [0x00000000a0000000, 0x00000000a7e80000, 0x00000000e0000000)
  object space 129536K, 14% used [0x00000000a0000000,0x00000000a1209c30,0x00000000a7e80000)
 Metaspace       used 44468K, capacity 45864K, committed 46120K, reserved 1089536K
  class space    used 6011K, capacity 6317K, committed 6440K, reserved 1048576K
}

